<?xml version="1.0" encoding="UTF-8"?>
<testng-results skipped="0" failed="0" total="3" passed="3">
  <reporter-output>
  </reporter-output>
  <suite name="Suite" duration-ms="62" started-at="2017-02-15T17:58:27Z" finished-at="2017-02-15T17:58:27Z">
    <groups>
    </groups>
    <test name="Test" duration-ms="62" started-at="2017-02-15T17:58:27Z" finished-at="2017-02-15T17:58:27Z">
      <class name="Login1.Test1">
        <test-method status="PASS" signature="testing1()[pri:0, instance:Login1.Test1@120ebad]" name="testing1" duration-ms="20" started-at="2017-02-15T23:28:27Z" finished-at="2017-02-15T23:28:27Z">
          <reporter-output>
          </reporter-output>
        </test-method> <!-- testing1 -->
      </class> <!-- Login1.Test1 -->
      <class name="Login1.Test3">
        <test-method status="PASS" signature="testing3()[pri:0, instance:Login1.Test3@17e2f02]" name="testing3" duration-ms="1" started-at="2017-02-15T23:28:27Z" finished-at="2017-02-15T23:28:27Z">
          <reporter-output>
          </reporter-output>
        </test-method> <!-- testing3 -->
      </class> <!-- Login1.Test3 -->
      <class name="Login1.Test2">
        <test-method status="PASS" signature="testin2()[pri:0, instance:Login1.Test2@c0edeb]" name="testin2" duration-ms="1" started-at="2017-02-15T23:28:27Z" finished-at="2017-02-15T23:28:27Z">
          <reporter-output>
          </reporter-output>
        </test-method> <!-- testin2 -->
      </class> <!-- Login1.Test2 -->
    </test> <!-- Test -->
  </suite> <!-- Suite -->
</testng-results>
